<?xml version="1.0" encoding="UTF-8"?>
<testsuite xmlns:xsi="http://www.w3.org/2001/XMLSchema-instance" xsi:noNamespaceSchemaLocation="https://maven.apache.org/surefire/maven-surefire-plugin/xsd/surefire-test-report-3.0.xsd" version="3.0" name="com.openlib.OrderControllerTest" time="5.423" tests="2" errors="0" skipped="0" failures="0">
  <properties>
[...]
</properties>
  <testcase name="shouldCreateOrderSuccessfully" classname="com.openlib.OrderControllerTest" time="0.525">
    <system-out><![CDATA[22:28:08.536 [main] INFO org.springframework.test.context.support.AnnotationConfigContextLoaderUtils -- Could not detect default configuration classes for test class [com.openlib.OrderControllerTest]: OrderControllerTest does not declare any static, non-private, non-final, nested classes annotated with @Configuration.
22:28:08.668 [main] INFO org.springframework.boot.test.context.SpringBootTestContextBootstrapper -- Found @SpringBootConfiguration com.openlib.OpenLibBackendApplication for test class com.openlib.OrderControllerTest

  .   ____          _            __ _ _
 /\\ / ___'_ __ _ _(_)_ __  __ _ \ \ \ \
( ( )\___ | '_ | '_| | '_ \/ _` | \ \ \ \
 \\/  ___)| |_)| | | | | || (_| |  ) ) ) )
  '  |____| .__|_| |_|_| |_\__, | / / / /
 =========|_|==============|___/=/_/_/_/
 :: Spring Boot ::                (v3.2.5)

2026-05-04T22:28:09.147-05:00  INFO 24254 --- [           main] com.openlib.OrderControllerTest          : Starting OrderControllerTest using Java 21.0.10 with PID 24254 (started by marlon in /home/marlon/git/proyecto-FIS-bigotones)
2026-05-04T22:28:09.149-05:00  INFO 24254 --- [           main] com.openlib.OrderControllerTest          : No active profile set, falling back to 1 default profile: "default"
2026-05-04T22:28:09.944-05:00  INFO 24254 --- [           main] .s.d.r.c.RepositoryConfigurationDelegate : Bootstrapping Spring Data JPA repositories in DEFAULT mode.
2026-05-04T22:28:10.023-05:00  INFO 24254 --- [           main] .s.d.r.c.RepositoryConfigurationDelegate : Finished Spring Data repository scanning in 68 ms. Found 3 JPA repository interfaces.
2026-05-04T22:28:10.605-05:00  INFO 24254 --- [           main] o.hibernate.jpa.internal.util.LogHelper  : HHH000204: Processing PersistenceUnitInfo [name: default]
2026-05-04T22:28:10.675-05:00  INFO 24254 --- [           main] org.hibernate.Version                    : HHH000412: Hibernate ORM core version 6.4.4.Final
2026-05-04T22:28:10.712-05:00  INFO 24254 --- [           main] o.h.c.internal.RegionFactoryInitiator    : HHH000026: Second-level cache disabled
2026-05-04T22:28:10.955-05:00  INFO 24254 --- [           main] o.s.o.j.p.SpringPersistenceUnitInfo      : No LoadTimeWeaver setup: ignoring JPA class transformer
2026-05-04T22:28:10.983-05:00  INFO 24254 --- [           main] com.zaxxer.hikari.HikariDataSource       : HikariPool-1 - Starting...
2026-05-04T22:28:11.199-05:00  INFO 24254 --- [           main] com.zaxxer.hikari.pool.HikariPool        : HikariPool-1 - Added connection conn0: url=jdbc:h2:mem:openlibdb user=SA
2026-05-04T22:28:11.201-05:00  INFO 24254 --- [           main] com.zaxxer.hikari.HikariDataSource       : HikariPool-1 - Start completed.
2026-05-04T22:28:11.231-05:00  WARN 24254 --- [           main] org.hibernate.orm.deprecation            : HHH90000025: H2Dialect does not need to be specified explicitly using 'hibernate.dialect' (remove the property setting and it will be selected by default)
2026-05-04T22:28:12.264-05:00  INFO 24254 --- [           main] o.h.e.t.j.p.i.JtaPlatformInitiator       : HHH000489: No JTA platform available (set 'hibernate.transaction.jta.platform' to enable JTA platform integration)
Hibernate: create table books (id bigint generated by default as identity, author varchar(255), category varchar(255), cover_color varchar(255), description varchar(1000), downloads integer not null, isbn varchar(255), price float(53) not null, rating float(53) not null, status varchar(255), title varchar(255), primary key (id))
Hibernate: create table order_items (id bigint generated by default as identity, price_at_purchase float(53) not null, quantity integer not null, book_id bigint, order_id bigint, primary key (id))
Hibernate: create table orders (id bigint generated by default as identity, date timestamp(6), status varchar(255), total float(53) not null, user_id bigint, primary key (id))
Hibernate: create table users (id bigint generated by default as identity, email varchar(255), name varchar(255), password varchar(255), role varchar(255), primary key (id))
Hibernate: alter table if exists users drop constraint if exists UK_6dotkott2kjsp8vw4d0m25fb7
Hibernate: alter table if exists users add constraint UK_6dotkott2kjsp8vw4d0m25fb7 unique (email)
Hibernate: alter table if exists order_items add constraint FKi4ptndslo2pyfp9r1x0eulh9g foreign key (book_id) references books
Hibernate: alter table if exists order_items add constraint FKbioxgbv59vetrxe0ejfubep1w foreign key (order_id) references orders
Hibernate: alter table if exists orders add constraint FK32ql8ubntj5uh44ph9659tiih foreign key (user_id) references users
2026-05-04T22:28:12.341-05:00  INFO 24254 --- [           main] j.LocalContainerEntityManagerFactoryBean : Initialized JPA EntityManagerFactory for persistence unit 'default'
2026-05-04T22:28:12.815-05:00  WARN 24254 --- [           main] JpaBaseConfiguration$JpaWebConfiguration : spring.jpa.open-in-view is enabled by default. Therefore, database queries may be performed during view rendering. Explicitly configure spring.jpa.open-in-view to disable this warning
2026-05-04T22:28:13.064-05:00  INFO 24254 --- [           main] o.s.b.a.h2.H2ConsoleAutoConfiguration    : H2 console available at '/h2-console'. Database available at 'jdbc:h2:mem:openlibdb'
2026-05-04T22:28:13.111-05:00  INFO 24254 --- [           main] o.s.b.t.m.w.SpringBootMockServletContext : Initializing Spring TestDispatcherServlet ''
2026-05-04T22:28:13.111-05:00  INFO 24254 --- [           main] o.s.t.web.servlet.TestDispatcherServlet  : Initializing Servlet ''
2026-05-04T22:28:13.113-05:00  INFO 24254 --- [           main] o.s.t.web.servlet.TestDispatcherServlet  : Completed initialization in 1 ms
2026-05-04T22:28:13.130-05:00  INFO 24254 --- [           main] com.openlib.OrderControllerTest          : Started OrderControllerTest in 4.303 seconds (process running for 5.461)
Hibernate: insert into books (author,category,cover_color,description,downloads,isbn,price,rating,status,title,id) values (?,?,?,?,?,?,?,?,?,?,default)
Hibernate: insert into books (author,category,cover_color,description,downloads,isbn,price,rating,status,title,id) values (?,?,?,?,?,?,?,?,?,?,default)
Hibernate: insert into books (author,category,cover_color,description,downloads,isbn,price,rating,status,title,id) values (?,?,?,?,?,?,?,?,?,?,default)
Hibernate: insert into books (author,category,cover_color,description,downloads,isbn,price,rating,status,title,id) values (?,?,?,?,?,?,?,?,?,?,default)
Hibernate: insert into books (author,category,cover_color,description,downloads,isbn,price,rating,status,title,id) values (?,?,?,?,?,?,?,?,?,?,default)
Hibernate: insert into books (author,category,cover_color,description,downloads,isbn,price,rating,status,title,id) values (?,?,?,?,?,?,?,?,?,?,default)
Hibernate: insert into books (author,category,cover_color,description,downloads,isbn,price,rating,status,title,id) values (?,?,?,?,?,?,?,?,?,?,default)
Hibernate: insert into books (author,category,cover_color,description,downloads,isbn,price,rating,status,title,id) values (?,?,?,?,?,?,?,?,?,?,default)
Hibernate: insert into books (author,category,cover_color,description,downloads,isbn,price,rating,status,title,id) values (?,?,?,?,?,?,?,?,?,?,default)
Hibernate: insert into books (author,category,cover_color,description,downloads,isbn,price,rating,status,title,id) values (?,?,?,?,?,?,?,?,?,?,default)
Hibernate: insert into books (author,category,cover_color,description,downloads,isbn,price,rating,status,title,id) values (?,?,?,?,?,?,?,?,?,?,default)
Hibernate: insert into books (author,category,cover_color,description,downloads,isbn,price,rating,status,title,id) values (?,?,?,?,?,?,?,?,?,?,default)
Hibernate: insert into books (author,category,cover_color,description,downloads,isbn,price,rating,status,title,id) values (?,?,?,?,?,?,?,?,?,?,default)
Hibernate: insert into books (author,category,cover_color,description,downloads,isbn,price,rating,status,title,id) values (?,?,?,?,?,?,?,?,?,?,default)
Hibernate: insert into books (author,category,cover_color,description,downloads,isbn,price,rating,status,title,id) values (?,?,?,?,?,?,?,?,?,?,default)
Hibernate: insert into books (author,category,cover_color,description,downloads,isbn,price,rating,status,title,id) values (?,?,?,?,?,?,?,?,?,?,default)
Hibernate: insert into users (email,name,password,role,id) values (?,?,?,?,default)
Hibernate: select u1_0.id,u1_0.email,u1_0.name,u1_0.password,u1_0.role from users u1_0 where u1_0.id=?
Hibernate: select b1_0.id,b1_0.author,b1_0.category,b1_0.cover_color,b1_0.description,b1_0.downloads,b1_0.isbn,b1_0.price,b1_0.rating,b1_0.status,b1_0.title from books b1_0 where b1_0.id=?
Hibernate: select b1_0.id,b1_0.author,b1_0.category,b1_0.cover_color,b1_0.description,b1_0.downloads,b1_0.isbn,b1_0.price,b1_0.rating,b1_0.status,b1_0.title from books b1_0 where b1_0.id=?
Hibernate: insert into orders (date,status,total,user_id,id) values (?,?,?,?,default)
Hibernate: insert into order_items (book_id,order_id,price_at_purchase,quantity,id) values (?,?,?,?,default)
Hibernate: insert into order_items (book_id,order_id,price_at_purchase,quantity,id) values (?,?,?,?,default)
]]></system-out>
    <system-err><![CDATA[WARNING: A Java agent has been loaded dynamically (/home/marlon/.m2/repository/net/bytebuddy/byte-buddy-agent/1.14.13/byte-buddy-agent-1.14.13.jar)
WARNING: If a serviceability tool is in use, please run with -XX:+EnableDynamicAgentLoading to hide this warning
WARNING: If a serviceability tool is not in use, please run with -Djdk.instrument.traceUsage for more information
WARNING: Dynamic loading of agents will be disallowed by default in a future release
]]></system-err>
  </testcase>
  <testcase name="shouldReturnErrorWhenUserNotFound" classname="com.openlib.OrderControllerTest" time="0.012">
    <system-out><![CDATA[Hibernate: select u1_0.id,u1_0.email,u1_0.name,u1_0.password,u1_0.role from users u1_0 where u1_0.id=?
]]></system-out>
  </testcase>
</testsuite>