<?xml version="1.0" encoding="UTF-8"?>
<testsuite xmlns:xsi="http://www.w3.org/2001/XMLSchema-instance" xsi:noNamespaceSchemaLocation="https://maven.apache.org/surefire/maven-surefire-plugin/xsd/surefire-test-report-3.0.xsd" version="3.0" name="com.openlib.BookControllerTest" time="4.681" tests="3" errors="0" skipped="0" failures="0">
  <properties>
[...]
</properties>
  <testcase name="shouldReturnPagedBooks" classname="com.openlib.BookControllerTest" time="0.593">
    <system-out><![CDATA[23:47:41.061 [main] INFO org.springframework.test.context.support.AnnotationConfigContextLoaderUtils -- Could not detect default configuration classes for test class [com.openlib.BookControllerTest]: BookControllerTest does not declare any static, non-private, non-final, nested classes annotated with @Configuration.
23:47:41.189 [main] INFO org.springframework.boot.test.context.SpringBootTestContextBootstrapper -- Found @SpringBootConfiguration com.openlib.OpenLibBackendApplication for test class com.openlib.BookControllerTest

  .   ____          _            __ _ _
 /\\ / ___'_ __ _ _(_)_ __  __ _ \ \ \ \
( ( )\___ | '_ | '_| | '_ \/ _` | \ \ \ \
 \\/  ___)| |_)| | | | | || (_| |  ) ) ) )
  '  |____| .__|_| |_|_| |_\__, | / / / /
 =========|_|==============|___/=/_/_/_/
 :: Spring Boot ::                (v3.2.5)

2026-05-02T23:47:41.642-05:00  INFO 105158 --- [           main] com.openlib.BookControllerTest           : Starting BookControllerTest using Java 21.0.10 with PID 105158 (started by marlon in /home/marlon/git/proyecto-FIS-bigotones)
2026-05-02T23:47:41.644-05:00  INFO 105158 --- [           main] com.openlib.BookControllerTest           : No active profile set, falling back to 1 default profile: "default"
2026-05-02T23:47:42.390-05:00  INFO 105158 --- [           main] .s.d.r.c.RepositoryConfigurationDelegate : Bootstrapping Spring Data JPA repositories in DEFAULT mode.
2026-05-02T23:47:42.463-05:00  INFO 105158 --- [           main] .s.d.r.c.RepositoryConfigurationDelegate : Finished Spring Data repository scanning in 63 ms. Found 1 JPA repository interface.
2026-05-02T23:47:43.049-05:00  INFO 105158 --- [           main] com.zaxxer.hikari.HikariDataSource       : HikariPool-1 - Starting...
2026-05-02T23:47:43.249-05:00  INFO 105158 --- [           main] com.zaxxer.hikari.pool.HikariPool        : HikariPool-1 - Added connection conn0: url=jdbc:h2:mem:f12a8a8f-b4fb-42d9-a165-9871ea6bdf25 user=SA
2026-05-02T23:47:43.251-05:00  INFO 105158 --- [           main] com.zaxxer.hikari.HikariDataSource       : HikariPool-1 - Start completed.
2026-05-02T23:47:43.299-05:00  INFO 105158 --- [           main] o.hibernate.jpa.internal.util.LogHelper  : HHH000204: Processing PersistenceUnitInfo [name: default]
2026-05-02T23:47:43.349-05:00  INFO 105158 --- [           main] org.hibernate.Version                    : HHH000412: Hibernate ORM core version 6.4.4.Final
2026-05-02T23:47:43.383-05:00  INFO 105158 --- [           main] o.h.c.internal.RegionFactoryInitiator    : HHH000026: Second-level cache disabled
2026-05-02T23:47:43.606-05:00  INFO 105158 --- [           main] o.s.o.j.p.SpringPersistenceUnitInfo      : No LoadTimeWeaver setup: ignoring JPA class transformer
2026-05-02T23:47:44.239-05:00  INFO 105158 --- [           main] o.h.e.t.j.p.i.JtaPlatformInitiator       : HHH000489: No JTA platform available (set 'hibernate.transaction.jta.platform' to enable JTA platform integration)
2026-05-02T23:47:44.265-05:00  INFO 105158 --- [           main] j.LocalContainerEntityManagerFactoryBean : Initialized JPA EntityManagerFactory for persistence unit 'default'
2026-05-02T23:47:44.552-05:00  WARN 105158 --- [           main] JpaBaseConfiguration$JpaWebConfiguration : spring.jpa.open-in-view is enabled by default. Therefore, database queries may be performed during view rendering. Explicitly configure spring.jpa.open-in-view to disable this warning
2026-05-02T23:47:44.811-05:00  INFO 105158 --- [           main] o.s.b.t.m.w.SpringBootMockServletContext : Initializing Spring TestDispatcherServlet ''
2026-05-02T23:47:44.811-05:00  INFO 105158 --- [           main] o.s.t.web.servlet.TestDispatcherServlet  : Initializing Servlet ''
2026-05-02T23:47:44.812-05:00  INFO 105158 --- [           main] o.s.t.web.servlet.TestDispatcherServlet  : Completed initialization in 1 ms
2026-05-02T23:47:44.826-05:00  INFO 105158 --- [           main] com.openlib.BookControllerTest           : Started BookControllerTest in 3.474 seconds (process running for 4.611)
]]></system-out>
    <system-err><![CDATA[WARNING: A Java agent has been loaded dynamically (/home/marlon/.m2/repository/net/bytebuddy/byte-buddy-agent/1.14.13/byte-buddy-agent-1.14.13.jar)
WARNING: If a serviceability tool is in use, please run with -XX:+EnableDynamicAgentLoading to hide this warning
WARNING: If a serviceability tool is not in use, please run with -Djdk.instrument.traceUsage for more information
WARNING: Dynamic loading of agents will be disallowed by default in a future release
]]></system-err>
  </testcase>
  <testcase name="shouldReturn404WhenNotFound" classname="com.openlib.BookControllerTest" time="0.021"/>
  <testcase name="shouldReturnBookDetail" classname="com.openlib.BookControllerTest" time="0.009"/>
</testsuite>